<?xml version="1.0" encoding="UTF-8"?>
<TestRun id="278ed2bd-ae03-42aa-a441-a040b792a221" name="Adam@ADAMS-PC 2012-04-17 21:46:50" runUser="Adams-PC\Adam" xmlns="http://microsoft.com/schemas/VisualStudio/TeamTest/2010">
  <TestSettings name="Local" id="62262a18-aa2d-4e8c-bb8e-3d6d7920f3cd">
    <Description>These are default test settings for a local test run.</Description>
    <Deployment userDeploymentRoot="C:\Users\Adam\Documents\School\CSCE 431\Repository\AY\BlackJack-CS\TestResults" useDefaultDeploymentRoot="false" enabled="false" runDeploymentRoot="Adam_ADAMS-PC 2012-04-17 21_46_50">
      <DeploymentItem filename="C:\Users\Adam\Documents\School\CSCE 431\Repository\AY\BlackJack-CS\BlackJack-CS\bin\Debug\BlackJack-CS.exe" />
    </Deployment>
    <Execution>
      <TestTypeSpecific />
      <AgentRule name="Execution Agents">
      </AgentRule>
    </Execution>
  </TestSettings>
  <Times creation="2012-04-17T21:46:50.9273562-05:00" queuing="2012-04-17T21:46:51.6783992-05:00" start="2012-04-17T21:46:51.8214074-05:00" finish="2012-04-17T21:46:53.1764849-05:00" />
  <ResultSummary outcome="Completed">
    <Counters total="8" executed="8" passed="8" error="0" failed="0" timeout="0" aborted="0" inconclusive="0" passedButRunAborted="0" notRunnable="0" notExecuted="0" disconnected="0" warning="0" completed="0" inProgress="0" pending="0" />
  </ResultSummary>
  <TestDefinitions>
    <UnitTest name="GetHandValueTest" storage="c:\users\adam\documents\school\csce 431\repository\ay\blackjack-cs\blackjack_cs_test\bin\debug\blackjack_cs_test.dll" id="e56b483f-03c8-d6bf-9862-a1b72a3bde21">
      <Execution id="4b401aa9-b2a5-4272-89f2-8b2fc979133a" />
      <TestMethod codeBase="C:/Users/Adam/Documents/School/CSCE 431/Repository/AY/BlackJack-CS/BlackJack_CS_Test/bin/Debug/BlackJack_CS_Test.DLL" adapterTypeName="Microsoft.VisualStudio.TestTools.TestTypes.Unit.UnitTestAdapter, Microsoft.VisualStudio.QualityTools.Tips.UnitTest.Adapter, Version=10.0.0.0, Culture=neutral, PublicKeyToken=b03f5f7f11d50a3a" className="BlackJack_CS_Test.PlayerTest, BlackJack_CS_Test, Version=1.0.0.0, Culture=neutral, PublicKeyToken=null" name="GetHandValueTest" />
    </UnitTest>
    <UnitTest name="SetBetTest" storage="c:\users\adam\documents\school\csce 431\repository\ay\blackjack-cs\blackjack_cs_test\bin\debug\blackjack_cs_test.dll" id="da2b72f4-71eb-5130-879e-420d5d36629c">
      <Execution id="c42c57a8-be54-47c4-8fbd-2c3f8c05b3c8" />
      <TestMethod codeBase="C:/Users/Adam/Documents/School/CSCE 431/Repository/AY/BlackJack-CS/BlackJack_CS_Test/bin/Debug/BlackJack_CS_Test.DLL" adapterTypeName="Microsoft.VisualStudio.TestTools.TestTypes.Unit.UnitTestAdapter, Microsoft.VisualStudio.QualityTools.Tips.UnitTest.Adapter, Version=10.0.0.0, Culture=neutral, PublicKeyToken=b03f5f7f11d50a3a" className="BlackJack_CS_Test.PlayerTest, BlackJack_CS_Test, Version=1.0.0.0, Culture=neutral, PublicKeyToken=null" name="SetBetTest" />
    </UnitTest>
    <UnitTest name="GetValueTest" storage="c:\users\adam\documents\school\csce 431\repository\ay\blackjack-cs\blackjack_cs_test\bin\debug\blackjack_cs_test.dll" id="9056b851-e442-7d3d-8a9f-a64279402193">
      <Execution id="5a3745a9-fd47-4272-89b3-b36f681c3a5e" />
      <TestMethod codeBase="C:/Users/Adam/Documents/School/CSCE 431/Repository/AY/BlackJack-CS/BlackJack_CS_Test/bin/Debug/BlackJack_CS_Test.DLL" adapterTypeName="Microsoft.VisualStudio.TestTools.TestTypes.Unit.UnitTestAdapter, Microsoft.VisualStudio.QualityTools.Tips.UnitTest.Adapter, Version=10.0.0.0, Culture=neutral, PublicKeyToken=b03f5f7f11d50a3a" className="BlackJack_CS_Test.BlackJackCardTest, BlackJack_CS_Test, Version=1.0.0.0, Culture=neutral, PublicKeyToken=null" name="GetValueTest" />
    </UnitTest>
    <UnitTest name="NextCardTest" storage="c:\users\adam\documents\school\csce 431\repository\ay\blackjack-cs\blackjack_cs_test\bin\debug\blackjack_cs_test.dll" id="b166f23b-3352-2b0b-bddf-882e24bc5f05">
      <Execution id="a8eb51ad-5f5f-4f98-bc5c-cd49ebbd76c1" />
      <TestMethod codeBase="C:/Users/Adam/Documents/School/CSCE 431/Repository/AY/BlackJack-CS/BlackJack_CS_Test/bin/Debug/BlackJack_CS_Test.DLL" adapterTypeName="Microsoft.VisualStudio.TestTools.TestTypes.Unit.UnitTestAdapter, Microsoft.VisualStudio.QualityTools.Tips.UnitTest.Adapter, Version=10.0.0.0, Culture=neutral, PublicKeyToken=b03f5f7f11d50a3a" className="BlackJack_CS_Test.DeckTest, BlackJack_CS_Test, Version=1.0.0.0, Culture=neutral, PublicKeyToken=null" name="NextCardTest" />
    </UnitTest>
    <UnitTest name="ShowCardValTest" storage="c:\users\adam\documents\school\csce 431\repository\ay\blackjack-cs\blackjack_cs_test\bin\debug\blackjack_cs_test.dll" id="4f165df9-5544-68b3-df37-79e22921d79c">
      <Execution id="73342d6a-f98e-48cf-9e7e-70a3a0f161ee" />
      <TestMethod codeBase="C:/Users/Adam/Documents/School/CSCE 431/Repository/AY/BlackJack-CS/BlackJack_CS_Test/bin/Debug/BlackJack_CS_Test.DLL" adapterTypeName="Microsoft.VisualStudio.TestTools.TestTypes.Unit.UnitTestAdapter, Microsoft.VisualStudio.QualityTools.Tips.UnitTest.Adapter, Version=10.0.0.0, Culture=neutral, PublicKeyToken=b03f5f7f11d50a3a" className="BlackJack_CS_Test.PlayerTest, BlackJack_CS_Test, Version=1.0.0.0, Culture=neutral, PublicKeyToken=null" name="ShowCardValTest" />
    </UnitTest>
    <UnitTest name="EqualsTest" storage="c:\users\adam\documents\school\csce 431\repository\ay\blackjack-cs\blackjack_cs_test\bin\debug\blackjack_cs_test.dll" id="7f15063e-a2c1-fc05-896f-c361ab776252">
      <Execution id="f04c4e33-bbe6-47cf-addc-6d6935851eab" />
      <TestMethod codeBase="C:/Users/Adam/Documents/School/CSCE 431/Repository/AY/BlackJack-CS/BlackJack_CS_Test/bin/Debug/BlackJack_CS_Test.DLL" adapterTypeName="Microsoft.VisualStudio.TestTools.TestTypes.Unit.UnitTestAdapter, Microsoft.VisualStudio.QualityTools.Tips.UnitTest.Adapter, Version=10.0.0.0, Culture=neutral, PublicKeyToken=b03f5f7f11d50a3a" className="BlackJack_CS_Test.BlackJackCardTest, BlackJack_CS_Test, Version=1.0.0.0, Culture=neutral, PublicKeyToken=null" name="EqualsTest" />
    </UnitTest>
    <UnitTest name="CanPlayTest" storage="c:\users\adam\documents\school\csce 431\repository\ay\blackjack-cs\blackjack_cs_test\bin\debug\blackjack_cs_test.dll" id="56d4acef-88a1-0e6d-9f67-c569060c2018">
      <Execution id="27186859-1c61-458b-8f60-6e5a6b7b71e7" />
      <TestMethod codeBase="C:/Users/Adam/Documents/School/CSCE 431/Repository/AY/BlackJack-CS/BlackJack_CS_Test/bin/Debug/BlackJack_CS_Test.DLL" adapterTypeName="Microsoft.VisualStudio.TestTools.TestTypes.Unit.UnitTestAdapter, Microsoft.VisualStudio.QualityTools.Tips.UnitTest.Adapter, Version=10.0.0.0, Culture=neutral, PublicKeyToken=b03f5f7f11d50a3a" className="BlackJack_CS_Test.PlayerTest, BlackJack_CS_Test, Version=1.0.0.0, Culture=neutral, PublicKeyToken=null" name="CanPlayTest" />
    </UnitTest>
    <UnitTest name="ShowCardTest" storage="c:\users\adam\documents\school\csce 431\repository\ay\blackjack-cs\blackjack_cs_test\bin\debug\blackjack_cs_test.dll" id="4d53bccc-77ba-94c1-e16b-baffb7d3e8d1">
      <Execution id="dc2f058e-b600-4836-9147-d1bb8061b50d" />
      <TestMethod codeBase="C:/Users/Adam/Documents/School/CSCE 431/Repository/AY/BlackJack-CS/BlackJack_CS_Test/bin/Debug/BlackJack_CS_Test.DLL" adapterTypeName="Microsoft.VisualStudio.TestTools.TestTypes.Unit.UnitTestAdapter, Microsoft.VisualStudio.QualityTools.Tips.UnitTest.Adapter, Version=10.0.0.0, Culture=neutral, PublicKeyToken=b03f5f7f11d50a3a" className="BlackJack_CS_Test.PlayerTest, BlackJack_CS_Test, Version=1.0.0.0, Culture=neutral, PublicKeyToken=null" name="ShowCardTest" />
    </UnitTest>
  </TestDefinitions>
  <TestLists>
    <TestList name="Results Not in a List" id="8c84fa94-04c1-424b-9868-57a2d4851a1d" />
    <TestList name="All Loaded Results" id="19431567-8539-422a-85d7-44ee4e166bda" />
  </TestLists>
  <TestEntries>
    <TestEntry testId="4d53bccc-77ba-94c1-e16b-baffb7d3e8d1" executionId="dc2f058e-b600-4836-9147-d1bb8061b50d" testListId="8c84fa94-04c1-424b-9868-57a2d4851a1d" />
    <TestEntry testId="4f165df9-5544-68b3-df37-79e22921d79c" executionId="73342d6a-f98e-48cf-9e7e-70a3a0f161ee" testListId="8c84fa94-04c1-424b-9868-57a2d4851a1d" />
    <TestEntry testId="56d4acef-88a1-0e6d-9f67-c569060c2018" executionId="27186859-1c61-458b-8f60-6e5a6b7b71e7" testListId="8c84fa94-04c1-424b-9868-57a2d4851a1d" />
    <TestEntry testId="7f15063e-a2c1-fc05-896f-c361ab776252" executionId="f04c4e33-bbe6-47cf-addc-6d6935851eab" testListId="8c84fa94-04c1-424b-9868-57a2d4851a1d" />
    <TestEntry testId="9056b851-e442-7d3d-8a9f-a64279402193" executionId="5a3745a9-fd47-4272-89b3-b36f681c3a5e" testListId="8c84fa94-04c1-424b-9868-57a2d4851a1d" />
    <TestEntry testId="b166f23b-3352-2b0b-bddf-882e24bc5f05" executionId="a8eb51ad-5f5f-4f98-bc5c-cd49ebbd76c1" testListId="8c84fa94-04c1-424b-9868-57a2d4851a1d" />
    <TestEntry testId="da2b72f4-71eb-5130-879e-420d5d36629c" executionId="c42c57a8-be54-47c4-8fbd-2c3f8c05b3c8" testListId="8c84fa94-04c1-424b-9868-57a2d4851a1d" />
    <TestEntry testId="e56b483f-03c8-d6bf-9862-a1b72a3bde21" executionId="4b401aa9-b2a5-4272-89f2-8b2fc979133a" testListId="8c84fa94-04c1-424b-9868-57a2d4851a1d" />
  </TestEntries>
  <Results>
    <UnitTestResult executionId="dc2f058e-b600-4836-9147-d1bb8061b50d" testId="4d53bccc-77ba-94c1-e16b-baffb7d3e8d1" testName="ShowCardTest" computerName="ADAMS-PC" duration="00:00:00.0314795" startTime="2012-04-17T21:46:51.9044121-05:00" endTime="2012-04-17T21:46:52.5574495-05:00" testType="13cdc9d9-ddb5-4fa4-a97d-d965ccfc6d4b" outcome="Passed" testListId="8c84fa94-04c1-424b-9868-57a2d4851a1d" relativeResultsDirectory="dc2f058e-b600-4836-9147-d1bb8061b50d">
      <Output>
        <StdOut>Testing Player : ShowCard()...
	Player hand size = 0	... OK
	Player hand size = 1	... OK
	Player hand size &gt; 1	... OK</StdOut>
      </Output>
    </UnitTestResult>
    <UnitTestResult executionId="73342d6a-f98e-48cf-9e7e-70a3a0f161ee" testId="4f165df9-5544-68b3-df37-79e22921d79c" testName="ShowCardValTest" computerName="ADAMS-PC" duration="00:00:00.0347451" startTime="2012-04-17T21:46:52.6374540-05:00" endTime="2012-04-17T21:46:52.7104582-05:00" testType="13cdc9d9-ddb5-4fa4-a97d-d965ccfc6d4b" outcome="Passed" testListId="8c84fa94-04c1-424b-9868-57a2d4851a1d" relativeResultsDirectory="73342d6a-f98e-48cf-9e7e-70a3a0f161ee">
      <Output>
        <StdOut>Testing Player : ShowCardVal()...
	Card is: Ace		... OK
	Card is: Number card	... OK
	Card is: Face card	... OK</StdOut>
      </Output>
    </UnitTestResult>
    <UnitTestResult executionId="27186859-1c61-458b-8f60-6e5a6b7b71e7" testId="56d4acef-88a1-0e6d-9f67-c569060c2018" testName="CanPlayTest" computerName="ADAMS-PC" duration="00:00:00.0006007" startTime="2012-04-17T21:46:52.7774620-05:00" endTime="2012-04-17T21:46:52.7854625-05:00" testType="13cdc9d9-ddb5-4fa4-a97d-d965ccfc6d4b" outcome="Passed" testListId="8c84fa94-04c1-424b-9868-57a2d4851a1d" relativeResultsDirectory="27186859-1c61-458b-8f60-6e5a6b7b71e7">
      <Output>
        <StdOut>Testing Player : CanPlay()...
	Player cash &gt; 0	... OK
	Player cash = 0	... OK
	Player cash &lt; 0	... OK</StdOut>
      </Output>
    </UnitTestResult>
    <UnitTestResult executionId="f04c4e33-bbe6-47cf-addc-6d6935851eab" testId="7f15063e-a2c1-fc05-896f-c361ab776252" testName="EqualsTest" computerName="ADAMS-PC" duration="00:00:00.0013480" startTime="2012-04-17T21:46:52.7964631-05:00" endTime="2012-04-17T21:46:52.8234647-05:00" testType="13cdc9d9-ddb5-4fa4-a97d-d965ccfc6d4b" outcome="Passed" testListId="8c84fa94-04c1-424b-9868-57a2d4851a1d" relativeResultsDirectory="f04c4e33-bbe6-47cf-addc-6d6935851eab">
      <Output>
        <StdOut>Testing BlackJackCard : Equals()...
	Default card | Default card	... OK
	Default card | (Num, Suit)	... OK
	Default card | (Face, Suit)	... OK
	(Num1, Suit1) | (Num1, Suit1)	... OK
	(Num1, Suit1) | (Num1, Suit2)	... OK
	(Num1, Suit1) | (Num2, Suit1)	... OK
	(Num1, Suit1) | (Num2, Suit2)	... OK
	(Face1, Suit1) | (Face1, Suit1)	... OK
	(Face1, Suit1) | (Face1, Suit2)	... OK
	(Face1, Suit1) | (Face2, Suit1)	... OK
	(Face1, Suit1) | (Face2, Suit2)	... OK
	(Ace, Suit1) | (Ace, Suit1)	... OK
	(Ace, Suit1) | (Ace, Suit2)	... OK</StdOut>
      </Output>
    </UnitTestResult>
    <UnitTestResult executionId="5a3745a9-fd47-4272-89b3-b36f681c3a5e" testId="9056b851-e442-7d3d-8a9f-a64279402193" testName="GetValueTest" computerName="ADAMS-PC" duration="00:00:00.0004706" startTime="2012-04-17T21:46:52.8334652-05:00" endTime="2012-04-17T21:46:52.8604668-05:00" testType="13cdc9d9-ddb5-4fa4-a97d-d965ccfc6d4b" outcome="Passed" testListId="8c84fa94-04c1-424b-9868-57a2d4851a1d" relativeResultsDirectory="5a3745a9-fd47-4272-89b3-b36f681c3a5e">
      <Output>
        <StdOut>Testing BlackJackCard : GetValue()...
	Default card	... OK
	Number card	... OK
	Face card	... OK
	Ace		... OK</StdOut>
      </Output>
    </UnitTestResult>
    <UnitTestResult executionId="a8eb51ad-5f5f-4f98-bc5c-cd49ebbd76c1" testId="b166f23b-3352-2b0b-bddf-882e24bc5f05" testName="NextCardTest" computerName="ADAMS-PC" duration="00:00:00.0322230" startTime="2012-04-17T21:46:52.9284707-05:00" endTime="2012-04-17T21:46:52.9654728-05:00" testType="13cdc9d9-ddb5-4fa4-a97d-d965ccfc6d4b" outcome="Passed" testListId="8c84fa94-04c1-424b-9868-57a2d4851a1d" relativeResultsDirectory="a8eb51ad-5f5f-4f98-bc5c-cd49ebbd76c1">
      <Output>
        <StdOut>Testing Deck : NextCard()...
	Beginning of deck	... OK
	Middle of deck		... OK
	Beyond end of deck	... OK</StdOut>
      </Output>
    </UnitTestResult>
    <UnitTestResult executionId="c42c57a8-be54-47c4-8fbd-2c3f8c05b3c8" testId="da2b72f4-71eb-5130-879e-420d5d36629c" testName="SetBetTest" computerName="ADAMS-PC" duration="00:00:00.0324898" startTime="2012-04-17T21:46:52.9984747-05:00" endTime="2012-04-17T21:46:53.0354768-05:00" testType="13cdc9d9-ddb5-4fa4-a97d-d965ccfc6d4b" outcome="Passed" testListId="8c84fa94-04c1-424b-9868-57a2d4851a1d" relativeResultsDirectory="c42c57a8-be54-47c4-8fbd-2c3f8c05b3c8">
      <Output>
        <StdOut>Testing Player : SetBet()...
	Bet &lt; cash	... OK
	Bet = cash	... OK
	Bet &gt; cash	... OK
	Bet &lt; 0		... OK</StdOut>
      </Output>
    </UnitTestResult>
    <UnitTestResult executionId="4b401aa9-b2a5-4272-89f2-8b2fc979133a" testId="e56b483f-03c8-d6bf-9862-a1b72a3bde21" testName="GetHandValueTest" computerName="ADAMS-PC" duration="00:00:00.0018808" startTime="2012-04-17T21:46:53.0664786-05:00" endTime="2012-04-17T21:46:53.0784793-05:00" testType="13cdc9d9-ddb5-4fa4-a97d-d965ccfc6d4b" outcome="Passed" testListId="8c84fa94-04c1-424b-9868-57a2d4851a1d" relativeResultsDirectory="4b401aa9-b2a5-4272-89f2-8b2fc979133a">
      <Output>
        <StdOut>Testing Player : GetHandValue()...
	Player hand size = 0		... OK
	Player hand size = 1 (Non-Ace)	... OK
	Player hand size = 1 (Ace)	... OK
	All number cards		... OK
	Number and face cards		... OK
	Mixed (Ace as 11)		... OK
	Mixed (Ace as 1)		... OK
	Mixed (Multiple aces)		... OK</StdOut>
      </Output>
    </UnitTestResult>
  </Results>
</TestRun>