<?xml version="1.0" encoding="UTF-8"?>
<TestRun id="75e5c9f3-e705-42da-b8a3-4a13a63d43f1" name="Adam@ADAMS-PC 2012-04-17 21:19:07" runUser="Adams-PC\Adam" xmlns="http://microsoft.com/schemas/VisualStudio/TeamTest/2010">
  <TestSettings name="Local" id="62262a18-aa2d-4e8c-bb8e-3d6d7920f3cd">
    <Description>These are default test settings for a local test run.</Description>
    <Deployment enabled="false" runDeploymentRoot="Adam_ADAMS-PC 2012-04-17 21_19_07">
      <DeploymentItem filename="C:\Users\Adam\Documents\School\CSCE 431\Repository\AY\BlackJack-CS\BlackJack-CS\bin\Debug\BlackJack-CS.exe" />
    </Deployment>
    <Execution>
      <TestTypeSpecific />
      <AgentRule name="Execution Agents">
      </AgentRule>
    </Execution>
  </TestSettings>
  <Times creation="2012-04-17T21:19:07.1791953-05:00" queuing="2012-04-17T21:19:07.3542053-05:00" start="2012-04-17T21:19:07.4692119-05:00" finish="2012-04-17T21:19:08.9052940-05:00" />
  <ResultSummary outcome="Failed">
    <Counters total="1" executed="1" error="0" failed="1" timeout="0" aborted="0" inconclusive="0" passedButRunAborted="0" notRunnable="0" notExecuted="0" disconnected="0" warning="0" passed="0" completed="0" inProgress="0" pending="0" />
  </ResultSummary>
  <TestDefinitions>
    <UnitTest name="GetValueTest" storage="c:\users\adam\documents\school\csce 431\repository\ay\blackjack-cs\blackjack_cs_test\bin\debug\blackjack_cs_test.dll" id="9056b851-e442-7d3d-8a9f-a64279402193">
      <Execution id="be303a16-0f47-49df-8e2e-0311109b9796" />
      <TestMethod codeBase="C:/Users/Adam/Documents/School/CSCE 431/Repository/AY/BlackJack-CS/BlackJack_CS_Test/bin/Debug/BlackJack_CS_Test.DLL" adapterTypeName="Microsoft.VisualStudio.TestTools.TestTypes.Unit.UnitTestAdapter, Microsoft.VisualStudio.QualityTools.Tips.UnitTest.Adapter, Version=10.0.0.0, Culture=neutral, PublicKeyToken=b03f5f7f11d50a3a" className="BlackJack_CS_Test.BlackJackCardTest, BlackJack_CS_Test, Version=1.0.0.0, Culture=neutral, PublicKeyToken=null" name="GetValueTest" />
    </UnitTest>
  </TestDefinitions>
  <TestLists>
    <TestList name="Results Not in a List" id="8c84fa94-04c1-424b-9868-57a2d4851a1d" />
    <TestList name="All Loaded Results" id="19431567-8539-422a-85d7-44ee4e166bda" />
  </TestLists>
  <TestEntries>
    <TestEntry testId="9056b851-e442-7d3d-8a9f-a64279402193" executionId="be303a16-0f47-49df-8e2e-0311109b9796" testListId="8c84fa94-04c1-424b-9868-57a2d4851a1d" />
  </TestEntries>
  <Results>
    <UnitTestResult executionId="be303a16-0f47-49df-8e2e-0311109b9796" testId="9056b851-e442-7d3d-8a9f-a64279402193" testName="GetValueTest" computerName="ADAMS-PC" duration="00:00:00.0655809" startTime="2012-04-17T21:19:07.8462334-05:00" endTime="2012-04-17T21:19:08.3412617-05:00" testType="13cdc9d9-ddb5-4fa4-a97d-d965ccfc6d4b" outcome="Failed" testListId="8c84fa94-04c1-424b-9868-57a2d4851a1d" relativeResultsDirectory="be303a16-0f47-49df-8e2e-0311109b9796">
      <Output>
        <StdOut>Testing BlackJackCard : getValue()...
	Default card	... OK
	Number card	...</StdOut>
        <ErrorInfo>
          <Message>Assert.AreEqual failed. Expected:&lt;7&gt;. Actual:&lt;6&gt;. </Message>
          <StackTrace>   at BlackJack_CS_Test.BlackJackCardTest.GetValueTest() in C:\Users\Adam\Documents\School\CSCE 431\Repository\AY\BlackJack-CS\BlackJack_CS_Test\BlackJackCardTest.cs:line 28
</StackTrace>
        </ErrorInfo>
      </Output>
    </UnitTestResult>
  </Results>
</TestRun>