<?xml version="1.0" encoding="UTF-8"?>
<TestRun id="c5ae147d-36b9-435e-98bc-af192ab3f4f7" name="Adam@ADAMS-PC 2012-04-17 21:17:25" runUser="Adams-PC\Adam" xmlns="http://microsoft.com/schemas/VisualStudio/TeamTest/2010">
  <TestSettings name="Local" id="62262a18-aa2d-4e8c-bb8e-3d6d7920f3cd">
    <Description>These are default test settings for a local test run.</Description>
    <Deployment enabled="false" runDeploymentRoot="Adam_ADAMS-PC 2012-04-17 21_17_25">
      <DeploymentItem filename="C:\Users\Adam\Documents\School\CSCE 431\Repository\AY\BlackJack-CS\BlackJack-CS\bin\Debug\BlackJack-CS.exe" />
    </Deployment>
    <Execution>
      <TestTypeSpecific />
      <AgentRule name="Execution Agents">
      </AgentRule>
    </Execution>
  </TestSettings>
  <Times creation="2012-04-17T21:17:25.3503710-05:00" queuing="2012-04-17T21:17:25.4443764-05:00" start="2012-04-17T21:17:25.5743838-05:00" finish="2012-04-17T21:17:26.8054542-05:00" />
  <ResultSummary outcome="Completed">
    <Counters total="1" executed="1" passed="1" error="0" failed="0" timeout="0" aborted="0" inconclusive="0" passedButRunAborted="0" notRunnable="0" notExecuted="0" disconnected="0" warning="0" completed="0" inProgress="0" pending="0" />
  </ResultSummary>
  <TestDefinitions>
    <UnitTest name="GetValueTest" storage="c:\users\adam\documents\school\csce 431\repository\ay\blackjack-cs\blackjack_cs_test\bin\debug\blackjack_cs_test.dll" id="9056b851-e442-7d3d-8a9f-a64279402193">
      <Execution id="e4342df9-66f3-4945-9add-8aa5bfca063a" />
      <TestMethod codeBase="C:/Users/Adam/Documents/School/CSCE 431/Repository/AY/BlackJack-CS/BlackJack_CS_Test/bin/Debug/BlackJack_CS_Test.DLL" adapterTypeName="Microsoft.VisualStudio.TestTools.TestTypes.Unit.UnitTestAdapter, Microsoft.VisualStudio.QualityTools.Tips.UnitTest.Adapter, Version=10.0.0.0, Culture=neutral, PublicKeyToken=b03f5f7f11d50a3a" className="BlackJack_CS_Test.BlackJackCardTest, BlackJack_CS_Test, Version=1.0.0.0, Culture=neutral, PublicKeyToken=null" name="GetValueTest" />
    </UnitTest>
  </TestDefinitions>
  <TestLists>
    <TestList name="Results Not in a List" id="8c84fa94-04c1-424b-9868-57a2d4851a1d" />
    <TestList name="All Loaded Results" id="19431567-8539-422a-85d7-44ee4e166bda" />
  </TestLists>
  <TestEntries>
    <TestEntry testId="9056b851-e442-7d3d-8a9f-a64279402193" executionId="e4342df9-66f3-4945-9add-8aa5bfca063a" testListId="8c84fa94-04c1-424b-9868-57a2d4851a1d" />
  </TestEntries>
  <Results>
    <UnitTestResult executionId="e4342df9-66f3-4945-9add-8aa5bfca063a" testId="9056b851-e442-7d3d-8a9f-a64279402193" testName="GetValueTest" computerName="ADAMS-PC" duration="00:00:00.0231986" startTime="2012-04-17T21:17:25.8944021-05:00" endTime="2012-04-17T21:17:26.5424392-05:00" testType="13cdc9d9-ddb5-4fa4-a97d-d965ccfc6d4b" outcome="Passed" testListId="8c84fa94-04c1-424b-9868-57a2d4851a1d" relativeResultsDirectory="e4342df9-66f3-4945-9add-8aa5bfca063a">
      <Output>
        <StdOut>Testing BlackJackCard : getValue()...
	Default card	... OK
	Number card	... OK
	Face card	... OK
	Ace		... OK</StdOut>
      </Output>
    </UnitTestResult>
  </Results>
</TestRun>